# JRE version: OpenJDK Runtime Environment (8.0_212-b04) (build 1.8.0_212-release-1586-b04)
# Java VM: OpenJDK 64-Bit Server VM (25.212-b04 mixed mode windows-amd64 compressed oops)
Heap:
 PSYoungGen      total 403968K, used 228561K [0x00000000e0000000, 0x0000000100000000, 0x0000000100000000)
  eden space 283136K, 65% used [0x00000000e0000000,0x00000000eb490cf8,0x00000000f1480000)
  from space 120832K, 36% used [0x00000000f8600000,0x00000000fb0a3740,0x00000000ffc00000)
  to   space 116224K, 0% used [0x00000000f1480000,0x00000000f1480000,0x00000000f8600000)
 ParOldGen       total 287744K, used 217649K [0x00000000a0000000, 0x00000000b1900000, 0x00000000e0000000)
  object space 287744K, 75% used [0x00000000a0000000,0x00000000ad48c690,0x00000000b1900000)
 Metaspace       used 120586K, capacity 128762K, committed 129024K, reserved 1161216K
  class space    used 15587K, capacity 17132K, committed 17152K, reserved 1048576K
GC Heap History (10 events):
Event: 3471.864 GC heap before
{Heap before GC invocations=36 (full 4):
 PSYoungGen      total 397824K, used 345177K [0x00000000e0000000, 0x0000000100000000, 0x0000000100000000)
  eden space 271360K, 100% used [0x00000000e0000000,0x00000000f0900000,0x00000000f0900000)
  from space 126464K, 58% used [0x00000000f0900000,0x00000000f5116698,0x00000000f8480000)
  to   space 125440K, 0% used [0x00000000f8580000,0x00000000f8580000,0x0000000100000000)
 ParOldGen       total 287744K, used 202936K [0x00000000a0000000, 0x00000000b1900000, 0x00000000e0000000)
  object space 287744K, 70% used [0x00000000a0000000,0x00000000ac62e2a0,0x00000000b1900000)
 Metaspace       used 102013K, capacity 108356K, committed 108672K, reserved 1142784K
  class space    used 13129K, capacity 14385K, committed 14464K, reserved 1048576K
Event: 3471.977 GC heap after
Heap after GC invocations=36 (full 4):
 PSYoungGen      total 391680K, used 35354K [0x00000000e0000000, 0x00000000ffa00000, 0x0000000100000000)
  eden space 272384K, 0% used [0x00000000e0000000,0x00000000e0000000,0x00000000f0a00000)
  from space 119296K, 29% used [0x00000000f8580000,0x00000000fa806818,0x00000000ffa00000)
  to   space 122880K, 0% used [0x00000000f0a00000,0x00000000f0a00000,0x00000000f8200000)
 ParOldGen       total 287744K, used 212125K [0x00000000a0000000, 0x00000000b1900000, 0x00000000e0000000)
  object space 287744K, 73% used [0x00000000a0000000,0x00000000acf27618,0x00000000b1900000)
 Metaspace       used 102013K, capacity 108356K, committed 108672K, reserved 1142784K
  class space    used 13129K, capacity 14385K, committed 14464K, reserved 1048576K
}
Event: 3581.226 GC heap before
{Heap before GC invocations=37 (full 4):
 PSYoungGen      total 391680K, used 307738K [0x00000000e0000000, 0x00000000ffa00000, 0x0000000100000000)
  eden space 272384K, 100% used [0x00000000e0000000,0x00000000f0a00000,0x00000000f0a00000)
  from space 119296K, 29% used [0x00000000f8580000,0x00000000fa806818,0x00000000ffa00000)
  to   space 122880K, 0% used [0x00000000f0a00000,0x00000000f0a00000,0x00000000f8200000)
 ParOldGen       total 287744K, used 212125K [0x00000000a0000000, 0x00000000b1900000, 0x00000000e0000000)
  object space 287744K, 73% used [0x00000000a0000000,0x00000000acf27618,0x00000000b1900000)
 Metaspace       used 102148K, capacity 108500K, committed 108672K, reserved 1142784K
  class space    used 13130K, capacity 14387K, committed 14464K, reserved 1048576K
Event: 3581.361 GC heap after
Heap after GC invocations=37 (full 4):
 PSYoungGen      total 395264K, used 26578K [0x00000000e0000000, 0x0000000100000000, 0x0000000100000000)
  eden space 272384K, 0% used [0x00000000e0000000,0x00000000e0000000,0x00000000f0a00000)
  from space 122880K, 21% used [0x00000000f0a00000,0x00000000f23f4a50,0x00000000f8200000)
  to   space 121856K, 0% used [0x00000000f8900000,0x00000000f8900000,0x0000000100000000)
 ParOldGen       total 287744K, used 212349K [0x00000000a0000000, 0x00000000b1900000, 0x00000000e0000000)
  object space 287744K, 73% used [0x00000000a0000000,0x00000000acf5f618,0x00000000b1900000)
 Metaspace       used 102148K, capacity 108500K, committed 108672K, reserved 1142784K
  class space    used 13130K, capacity 14387K, committed 14464K, reserved 1048576K
}
Event: 3583.342 GC heap before
{Heap before GC invocations=38 (full 4):
 PSYoungGen      total 395264K, used 298962K [0x00000000e0000000, 0x0000000100000000, 0x0000000100000000)
  eden space 272384K, 100% used [0x00000000e0000000,0x00000000f0a00000,0x00000000f0a00000)
  from space 122880K, 21% used [0x00000000f0a00000,0x00000000f23f4a50,0x00000000f8200000)
  to   space 121856K, 0% used [0x00000000f8900000,0x00000000f8900000,0x0000000100000000)
 ParOldGen       total 287744K, used 212349K [0x00000000a0000000, 0x00000000b1900000, 0x00000000e0000000)
  object space 287744K, 73% used [0x00000000a0000000,0x00000000acf5f618,0x00000000b1900000)
 Metaspace       used 102515K, capacity 108936K, committed 109184K, reserved 1144832K
  class space    used 13152K, capacity 14427K, committed 14464K, reserved 1048576K
Event: 3583.530 GC heap after
Heap after GC invocations=38 (full 4):
 PSYoungGen      total 398336K, used 78666K [0x00000000e0000000, 0x0000000100000000, 0x0000000100000000)
  eden space 276480K, 0% used [0x00000000e0000000,0x00000000e0000000,0x00000000f0e00000)
  from space 121856K, 64% used [0x00000000f8900000,0x00000000fd5d2a98,0x0000000100000000)
  to   space 123904K, 0% used [0x00000000f0e00000,0x00000000f0e00000,0x00000000f8700000)
 ParOldGen       total 287744K, used 212349K [0x00000000a0000000, 0x00000000b1900000, 0x00000000e0000000)
  object space 287744K, 73% used [0x00000000a0000000,0x00000000acf5f618,0x00000000b1900000)
 Metaspace       used 102515K, capacity 108936K, committed 109184K, reserved 1144832K
  class space    used 13152K, capacity 14427K, committed 14464K, reserved 1048576K
}
Event: 3603.996 GC heap before
{Heap before GC invocations=39 (full 4):
 PSYoungGen      total 398336K, used 355146K [0x00000000e0000000, 0x0000000100000000, 0x0000000100000000)
  eden space 276480K, 100% used [0x00000000e0000000,0x00000000f0e00000,0x00000000f0e00000)
  from space 121856K, 64% used [0x00000000f8900000,0x00000000fd5d2a98,0x0000000100000000)
  to   space 123904K, 0% used [0x00000000f0e00000,0x00000000f0e00000,0x00000000f8700000)
 ParOldGen       total 287744K, used 212349K [0x00000000a0000000, 0x00000000b1900000, 0x00000000e0000000)
  object space 287744K, 73% used [0x00000000a0000000,0x00000000acf5f618,0x00000000b1900000)
 Metaspace       used 102582K, capacity 108970K, committed 109184K, reserved 1144832K
  class space    used 13155K, capacity 14432K, committed 14464K, reserved 1048576K
Event: 3604.050 GC heap after
Heap after GC invocations=39 (full 4):
 PSYoungGen      total 311808K, used 35002K [0x00000000e0000000, 0x00000000ffc00000, 0x0000000100000000)
  eden space 276480K, 0% used [0x00000000e0000000,0x00000000e0000000,0x00000000f0e00000)
  from space 35328K, 99% used [0x00000000f0e00000,0x00000000f302e8e0,0x00000000f3080000)
  to   space 120832K, 0% used [0x00000000f8600000,0x00000000f8600000,0x00000000ffc00000)
 ParOldGen       total 287744K, used 216225K [0x00000000a0000000, 0x00000000b1900000, 0x00000000e0000000)
  object space 287744K, 75% used [0x00000000a0000000,0x00000000ad328518,0x00000000b1900000)
 Metaspace       used 102582K, capacity 108970K, committed 109184K, reserved 1144832K
  class space    used 13155K, capacity 14432K, committed 14464K, reserved 1048576K
}
Event: 3903.857 GC heap before
{Heap before GC invocations=40 (full 4):
 PSYoungGen      total 311808K, used 311482K [0x00000000e0000000, 0x00000000ffc00000, 0x0000000100000000)
  eden space 276480K, 100% used [0x00000000e0000000,0x00000000f0e00000,0x00000000f0e00000)
  from space 35328K, 99% used [0x00000000f0e00000,0x00000000f302e8e0,0x00000000f3080000)
  to   space 120832K, 0% used [0x00000000f8600000,0x00000000f8600000,0x00000000ffc00000)
 ParOldGen       total 287744K, used 216225K [0x00000000a0000000, 0x00000000b1900000, 0x00000000e0000000)
  object space 287744K, 75% used [0x00000000a0000000,0x00000000ad328518,0x00000000b1900000)
 Metaspace       used 115813K, capacity 123684K, committed 123904K, reserved 1157120K
  class space    used 15103K, capacity 16599K, committed 16640K, reserved 1048576K
Event: 3904.287 GC heap after
Heap after GC invocations=40 (full 4):
 PSYoungGen      total 403968K, used 43661K [0x00000000e0000000, 0x0000000100000000, 0x0000000100000000)
  eden space 283136K, 0% used [0x00000000e0000000,0x00000000e0000000,0x00000000f1480000)
  from space 120832K, 36% used [0x00000000f8600000,0x00000000fb0a3740,0x00000000ffc00000)
  to   space 116224K, 0% used [0x00000000f1480000,0x00000000f1480000,0x00000000f8600000)
 ParOldGen       total 287744K, used 217649K [0x00000000a0000000, 0x00000000b1900000, 0x00000000e0000000)
  object space 287744K, 75% used [0x00000000a0000000,0x00000000ad48c690,0x00000000b1900000)
 Metaspace       used 115813K, capacity 123684K, committed 123904K, reserved 1157120K
  class space    used 15103K, capacity 16599K, committed 16640K, reserved 1048576K
}

